2017-03-28 11:57:15.978  INFO 12593 --- [main] br.com.ews.ApiPaymentApplicationTests    : No active profile set, falling back to default profiles: default
2017-03-28 11:57:15.993  INFO 12593 --- [main] o.s.w.c.s.GenericWebApplicationContext   : Refreshing org.springframework.web.context.support.GenericWebApplicationContext@6dba847b: startup date [Tue Mar 28 11:57:15 BRT 2017]; parent: org.springframework.context.annotation.AnnotationConfigApplicationContext@2d1dee39
2017-03-28 11:57:16.991  WARN 12593 --- [main] o.s.c.a.ConfigurationClassPostProcessor  : Cannot enhance @Configuration bean definition 'refreshScope' since its singleton instance has been created too early. The typical cause is a non-static @Bean method with a BeanDefinitionRegistryPostProcessor return type: Consider declaring such methods as 'static'.
2017-03-28 11:57:17.297  INFO 12593 --- [main] o.s.cloud.context.scope.GenericScope     : BeanFactory id=e12b515a-2a45-3bf7-a577-f900dba5e960
2017-03-28 11:57:17.429  INFO 12593 --- [main] f.a.AutowiredAnnotationBeanPostProcessor : JSR-330 'javax.inject.Inject' annotation found and supported for autowiring
2017-03-28 11:57:17.608  INFO 12593 --- [main] trationDelegate$BeanPostProcessorChecker : Bean 'org.springframework.cloud.autoconfigure.ConfigurationPropertiesRebinderAutoConfiguration' of type [org.springframework.cloud.autoconfigure.ConfigurationPropertiesRebinderAutoConfiguration$$EnhancerBySpringCGLIB$$d00020ec] is not eligible for getting processed by all BeanPostProcessors (for example: not eligible for auto-proxying)
2017-03-28 11:57:18.615  INFO 12593 --- [main] o.s.b.t.m.w.SpringBootMockServletContext : jolokia: No access restrictor found, access to any MBean is allowed
2017-03-28 11:57:19.036  INFO 12593 --- [main] s.w.s.m.m.a.RequestMappingHandlerAdapter : Looking for @ControllerAdvice: org.springframework.web.context.support.GenericWebApplicationContext@6dba847b: startup date [Tue Mar 28 11:57:15 BRT 2017]; parent: org.springframework.context.annotation.AnnotationConfigApplicationContext@2d1dee39
2017-03-28 11:57:19.250  INFO 12593 --- [main] s.w.s.m.m.a.RequestMappingHandlerMapping : Mapped "{[/payments],methods=[GET]}" onto org.springframework.http.ResponseEntity<br.com.ews.domain.Transaction> br.com.ews.controllers.PaymentsCtrl.payments()
2017-03-28 11:57:19.252  INFO 12593 --- [main] s.w.s.m.m.a.RequestMappingHandlerMapping : Mapped "{[/payments/direct-pay],methods=[GET]}" onto java.lang.String br.com.ews.controllers.PaymentsCtrl.directPay()
2017-03-28 11:57:19.256  INFO 12593 --- [main] s.w.s.m.m.a.RequestMappingHandlerMapping : Mapped "{[/error]}" onto public org.springframework.http.ResponseEntity<java.util.Map<java.lang.String, java.lang.Object>> org.springframework.boot.autoconfigure.web.BasicErrorController.error(javax.servlet.http.HttpServletRequest)
2017-03-28 11:57:19.258  INFO 12593 --- [main] s.w.s.m.m.a.RequestMappingHandlerMapping : Mapped "{[/error],produces=[text/html]}" onto public org.springframework.web.servlet.ModelAndView org.springframework.boot.autoconfigure.web.BasicErrorController.errorHtml(javax.servlet.http.HttpServletRequest,javax.servlet.http.HttpServletResponse)
2017-03-28 11:57:19.323  INFO 12593 --- [main] o.s.w.s.handler.SimpleUrlHandlerMapping  : Mapped URL path [/webjars/**] onto handler of type [class org.springframework.web.servlet.resource.ResourceHttpRequestHandler]
2017-03-28 11:57:19.324  INFO 12593 --- [main] o.s.w.s.handler.SimpleUrlHandlerMapping  : Mapped URL path [/**] onto handler of type [class org.springframework.web.servlet.resource.ResourceHttpRequestHandler]
2017-03-28 11:57:19.423  INFO 12593 --- [main] o.s.w.s.handler.SimpleUrlHandlerMapping  : Mapped URL path [/**/favicon.ico] onto handler of type [class org.springframework.web.servlet.resource.ResourceHttpRequestHandler]
2017-03-28 11:57:20.240  INFO 12593 --- [main] o.s.b.a.e.mvc.EndpointHandlerMapping     : Mapped "{[/heapdump || /heapdump.json],methods=[GET],produces=[application/octet-stream]}" onto public void org.springframework.boot.actuate.endpoint.mvc.HeapdumpMvcEndpoint.invoke(boolean,javax.servlet.http.HttpServletRequest,javax.servlet.http.HttpServletResponse) throws java.io.IOException,javax.servlet.ServletException
2017-03-28 11:57:20.242  INFO 12593 --- [main] o.s.b.a.e.mvc.EndpointHandlerMapping     : Mapped "{[/configprops || /configprops.json],methods=[GET],produces=[application/vnd.spring-boot.actuator.v1+json || application/json]}" onto public java.lang.Object org.springframework.boot.actuate.endpoint.mvc.EndpointMvcAdapter.invoke()
2017-03-28 11:57:20.244  INFO 12593 --- [main] o.s.b.a.e.mvc.EndpointHandlerMapping     : Mapped "{[/refresh || /refresh.json],methods=[POST]}" onto public java.lang.Object org.springframework.cloud.endpoint.GenericPostableMvcEndpoint.invoke()
2017-03-28 11:57:20.245  INFO 12593 --- [main] o.s.b.a.e.mvc.EndpointHandlerMapping     : Mapped "{[/features || /features.json],methods=[GET],produces=[application/vnd.spring-boot.actuator.v1+json || application/json]}" onto public java.lang.Object org.springframework.boot.actuate.endpoint.mvc.EndpointMvcAdapter.invoke()
2017-03-28 11:57:20.247  INFO 12593 --- [main] o.s.b.a.e.mvc.EndpointHandlerMapping     : Mapped "{[/health || /health.json],methods=[GET],produces=[application/vnd.spring-boot.actuator.v1+json || application/json]}" onto public java.lang.Object org.springframework.boot.actuate.endpoint.mvc.HealthMvcEndpoint.invoke(javax.servlet.http.HttpServletRequest,java.security.Principal)
2017-03-28 11:57:20.249  INFO 12593 --- [main] o.s.b.a.e.mvc.EndpointHandlerMapping     : Mapped "{[/env],methods=[POST]}" onto public java.lang.Object org.springframework.cloud.context.environment.EnvironmentManagerMvcEndpoint.value(java.util.Map<java.lang.String, java.lang.String>)
2017-03-28 11:57:20.251  INFO 12593 --- [main] o.s.b.a.e.mvc.EndpointHandlerMapping     : Mapped "{[/env/reset],methods=[POST]}" onto public java.util.Map<java.lang.String, java.lang.Object> org.springframework.cloud.context.environment.EnvironmentManagerMvcEndpoint.reset()
2017-03-28 11:57:20.252  INFO 12593 --- [main] o.s.b.a.e.mvc.EndpointHandlerMapping     : Mapped "{[/restart || /restart.json],methods=[POST]}" onto public java.lang.Object org.springframework.cloud.context.restart.RestartMvcEndpoint.invoke()
2017-03-28 11:57:20.254  INFO 12593 --- [main] o.s.b.a.e.mvc.EndpointHandlerMapping     : Mapped "{[/autoconfig || /autoconfig.json],methods=[GET],produces=[application/vnd.spring-boot.actuator.v1+json || application/json]}" onto public java.lang.Object org.springframework.boot.actuate.endpoint.mvc.EndpointMvcAdapter.invoke()
2017-03-28 11:57:20.262  INFO 12593 --- [main] o.s.b.a.e.mvc.EndpointHandlerMapping     : Mapped "{[/pause || /pause.json],methods=[POST]}" onto public java.lang.Object org.springframework.cloud.endpoint.GenericPostableMvcEndpoint.invoke()
2017-03-28 11:57:20.264  INFO 12593 --- [main] o.s.b.a.e.mvc.EndpointHandlerMapping     : Mapped "{[/beans || /beans.json],methods=[GET],produces=[application/vnd.spring-boot.actuator.v1+json || application/json]}" onto public java.lang.Object org.springframework.boot.actuate.endpoint.mvc.EndpointMvcAdapter.invoke()
2017-03-28 11:57:20.267  INFO 12593 --- [main] o.s.b.a.e.mvc.EndpointHandlerMapping     : Mapped "{[/trace || /trace.json],methods=[GET],produces=[application/vnd.spring-boot.actuator.v1+json || application/json]}" onto public java.lang.Object org.springframework.boot.actuate.endpoint.mvc.EndpointMvcAdapter.invoke()
2017-03-28 11:57:20.271  INFO 12593 --- [main] o.s.b.a.e.mvc.EndpointHandlerMapping     : Mapped "{[/env/{name:.*}],methods=[GET],produces=[application/vnd.spring-boot.actuator.v1+json || application/json]}" onto public java.lang.Object org.springframework.boot.actuate.endpoint.mvc.EnvironmentMvcEndpoint.value(java.lang.String)
2017-03-28 11:57:20.271  INFO 12593 --- [main] o.s.b.a.e.mvc.EndpointHandlerMapping     : Mapped "{[/env || /env.json],methods=[GET],produces=[application/vnd.spring-boot.actuator.v1+json || application/json]}" onto public java.lang.Object org.springframework.boot.actuate.endpoint.mvc.EndpointMvcAdapter.invoke()
2017-03-28 11:57:20.273  INFO 12593 --- [main] o.s.b.a.e.mvc.EndpointHandlerMapping     : Mapped "{[/mappings || /mappings.json],methods=[GET],produces=[application/vnd.spring-boot.actuator.v1+json || application/json]}" onto public java.lang.Object org.springframework.boot.actuate.endpoint.mvc.EndpointMvcAdapter.invoke()
2017-03-28 11:57:20.274  INFO 12593 --- [main] o.s.b.a.e.mvc.EndpointHandlerMapping     : Mapped "{[/auditevents || /auditevents.json],methods=[GET],produces=[application/vnd.spring-boot.actuator.v1+json || application/json]}" onto public org.springframework.http.ResponseEntity<?> org.springframework.boot.actuate.endpoint.mvc.AuditEventsMvcEndpoint.findByPrincipalAndAfterAndType(java.lang.String,java.util.Date,java.lang.String)
2017-03-28 11:57:20.276  INFO 12593 --- [main] o.s.b.a.e.mvc.EndpointHandlerMapping     : Mapped "{[/metrics/{name:.*}],methods=[GET],produces=[application/vnd.spring-boot.actuator.v1+json || application/json]}" onto public java.lang.Object org.springframework.boot.actuate.endpoint.mvc.MetricsMvcEndpoint.value(java.lang.String)
2017-03-28 11:57:20.277  INFO 12593 --- [main] o.s.b.a.e.mvc.EndpointHandlerMapping     : Mapped "{[/metrics || /metrics.json],methods=[GET],produces=[application/vnd.spring-boot.actuator.v1+json || application/json]}" onto public java.lang.Object org.springframework.boot.actuate.endpoint.mvc.EndpointMvcAdapter.invoke()
2017-03-28 11:57:20.283  INFO 12593 --- [main] o.s.b.a.e.mvc.EndpointHandlerMapping     : Mapped "{[/loggers/{name:.*}],methods=[GET],produces=[application/vnd.spring-boot.actuator.v1+json || application/json]}" onto public java.lang.Object org.springframework.boot.actuate.endpoint.mvc.LoggersMvcEndpoint.get(java.lang.String)
2017-03-28 11:57:20.284  INFO 12593 --- [main] o.s.b.a.e.mvc.EndpointHandlerMapping     : Mapped "{[/loggers/{name:.*}],methods=[POST],consumes=[application/vnd.spring-boot.actuator.v1+json || application/json],produces=[application/vnd.spring-boot.actuator.v1+json || application/json]}" onto public java.lang.Object org.springframework.boot.actuate.endpoint.mvc.LoggersMvcEndpoint.set(java.lang.String,java.util.Map<java.lang.String, java.lang.String>)
2017-03-28 11:57:20.285  INFO 12593 --- [main] o.s.b.a.e.mvc.EndpointHandlerMapping     : Mapped "{[/loggers || /loggers.json],methods=[GET],produces=[application/vnd.spring-boot.actuator.v1+json || application/json]}" onto public java.lang.Object org.springframework.boot.actuate.endpoint.mvc.EndpointMvcAdapter.invoke()
2017-03-28 11:57:20.286  INFO 12593 --- [main] o.s.b.a.e.mvc.EndpointHandlerMapping     : Mapped "{[/resume || /resume.json],methods=[POST]}" onto public java.lang.Object org.springframework.cloud.endpoint.GenericPostableMvcEndpoint.invoke()
2017-03-28 11:57:20.287  INFO 12593 --- [main] o.s.b.a.e.mvc.EndpointHandlerMapping     : Mapped "{[/logfile || /logfile.json],methods=[GET || HEAD]}" onto public void org.springframework.boot.actuate.endpoint.mvc.LogFileMvcEndpoint.invoke(javax.servlet.http.HttpServletRequest,javax.servlet.http.HttpServletResponse) throws javax.servlet.ServletException,java.io.IOException
2017-03-28 11:57:20.289  INFO 12593 --- [main] o.s.b.a.e.mvc.EndpointHandlerMapping     : Mapped "{[/archaius || /archaius.json],methods=[GET],produces=[application/vnd.spring-boot.actuator.v1+json || application/json]}" onto public java.lang.Object org.springframework.boot.actuate.endpoint.mvc.EndpointMvcAdapter.invoke()
2017-03-28 11:57:20.291  INFO 12593 --- [main] o.s.b.a.e.mvc.EndpointHandlerMapping     : Mapped "{[/jolokia/**]}" onto public org.springframework.web.servlet.ModelAndView org.springframework.boot.actuate.endpoint.mvc.JolokiaMvcEndpoint.handle(javax.servlet.http.HttpServletRequest,javax.servlet.http.HttpServletResponse) throws java.lang.Exception
2017-03-28 11:57:20.298  INFO 12593 --- [main] o.s.b.a.e.mvc.EndpointHandlerMapping     : Mapped "{[/dump || /dump.json],methods=[GET],produces=[application/vnd.spring-boot.actuator.v1+json || application/json]}" onto public java.lang.Object org.springframework.boot.actuate.endpoint.mvc.EndpointMvcAdapter.invoke()
2017-03-28 11:57:20.310  INFO 12593 --- [main] o.s.b.a.e.mvc.EndpointHandlerMapping     : Mapped "{[/info || /info.json],methods=[GET],produces=[application/vnd.spring-boot.actuator.v1+json || application/json]}" onto public java.lang.Object org.springframework.boot.actuate.endpoint.mvc.EndpointMvcAdapter.invoke()
2017-03-28 11:57:20.648  WARN 12593 --- [main] c.n.c.sources.URLConfigurationSource     : No URLs will be polled as dynamic configuration sources.
2017-03-28 11:57:20.650  INFO 12593 --- [main] c.n.c.sources.URLConfigurationSource     : To enable URLs as dynamic configuration sources, define System property archaius.configurationSource.additionalUrls or make config.properties available on classpath.
2017-03-28 11:57:20.685  WARN 12593 --- [main] c.n.c.sources.URLConfigurationSource     : No URLs will be polled as dynamic configuration sources.
2017-03-28 11:57:20.687  INFO 12593 --- [main] c.n.c.sources.URLConfigurationSource     : To enable URLs as dynamic configuration sources, define System property archaius.configurationSource.additionalUrls or make config.properties available on classpath.
2017-03-28 11:57:21.075  INFO 12593 --- [main] o.s.b.t.m.w.SpringBootMockServletContext : jolokia: No access restrictor found, access to any MBean is allowed
2017-03-28 11:57:21.082  INFO 12593 --- [main] o.s.b.t.m.w.SpringBootMockServletContext : jolokia: jolokia:type=Config is already registered. Adding it with jolokia:type=Config,uuid=e19f64e9-8393-48c6-b8a8-05a4e4b02dcd, but you should revise your setup in order to either use a qualifier or ensure, that only a single agent gets registered (otherwise history functionality might not work)
2017-03-28 11:57:21.083  INFO 12593 --- [main] o.s.b.t.m.w.SpringBootMockServletContext : jolokia: Cannot register (legacy) MBean handler for config store with name jmx4perl:type=Config since it already exists. This is the case if another agent has been already started within the same JVM. The registration is skipped.
2017-03-28 11:57:21.083  INFO 12593 --- [main] o.s.b.t.m.w.SpringBootMockServletContext : jolokia: Jolokia Discovery MBean registration is skipped because there is already one registered.
2017-03-28 11:57:21.163  INFO 12593 --- [main] o.s.c.support.DefaultLifecycleProcessor  : Starting beans in phase 0
2017-03-28 11:57:21.177  INFO 12593 --- [main] o.s.c.n.eureka.InstanceInfoFactory       : Setting initial instance status as: STARTING
2017-03-28 11:57:21.536  INFO 12593 --- [main] c.n.d.provider.DiscoveryJerseyProvider   : Using JSON encoding codec LegacyJacksonJson
2017-03-28 11:57:21.539  INFO 12593 --- [main] c.n.d.provider.DiscoveryJerseyProvider   : Using JSON decoding codec LegacyJacksonJson
2017-03-28 11:57:21.723  INFO 12593 --- [main] c.n.d.provider.DiscoveryJerseyProvider   : Using XML encoding codec XStreamXml
2017-03-28 11:57:21.724  INFO 12593 --- [main] c.n.d.provider.DiscoveryJerseyProvider   : Using XML decoding codec XStreamXml
2017-03-28 11:57:22.012  INFO 12593 --- [main] c.n.d.s.r.aws.ConfigClusterResolver      : Resolving eureka endpoints via configuration
2017-03-28 11:57:22.045  INFO 12593 --- [main] com.netflix.discovery.DiscoveryClient    : Disable delta property : false
2017-03-28 11:57:22.046  INFO 12593 --- [main] com.netflix.discovery.DiscoveryClient    : Single vip registry refresh property : null
2017-03-28 11:57:22.046  INFO 12593 --- [main] com.netflix.discovery.DiscoveryClient    : Force full registry fetch : false
2017-03-28 11:57:22.047  INFO 12593 --- [main] com.netflix.discovery.DiscoveryClient    : Application is null : false
2017-03-28 11:57:22.048  INFO 12593 --- [main] com.netflix.discovery.DiscoveryClient    : Registered Applications size is zero : true
2017-03-28 11:57:22.048  INFO 12593 --- [main] com.netflix.discovery.DiscoveryClient    : Application version is -1: true
2017-03-28 11:57:22.049  INFO 12593 --- [main] com.netflix.discovery.DiscoveryClient    : Getting all instance registry info from the eureka server
2017-03-28 11:57:22.268  INFO 12593 --- [main] com.netflix.discovery.DiscoveryClient    : The response status is 200
2017-03-28 11:57:22.271  INFO 12593 --- [main] com.netflix.discovery.DiscoveryClient    : Starting heartbeat executor: renew interval is: 30
2017-03-28 11:57:22.274  INFO 12593 --- [main] c.n.discovery.InstanceInfoReplicator     : InstanceInfoReplicator onDemand update allowed rate per min is 4
2017-03-28 11:57:22.279  INFO 12593 --- [main] com.netflix.discovery.DiscoveryClient    : Discovery Client initialized at timestamp 1490713042279 with initial instances count: 1
2017-03-28 11:57:22.332  INFO 12593 --- [main] c.n.e.EurekaDiscoveryClientConfiguration : Registering application api-payment with eureka with status UP
2017-03-28 11:57:22.335  INFO 12593 --- [main] com.netflix.discovery.DiscoveryClient    : Saw local status change event StatusChangeEvent [timestamp=1490713042335, current=UP, previous=STARTING]
2017-03-28 11:57:22.342  INFO 12593 --- [DiscoveryClient-InstanceInfoReplicator-0] com.netflix.discovery.DiscoveryClient    : DiscoveryClient_API-PAYMENT/172.16.18.106:api-payment:8080: registering service...
2017-03-28 11:57:22.393  INFO 12593 --- [DiscoveryClient-InstanceInfoReplicator-0] com.netflix.discovery.DiscoveryClient    : DiscoveryClient_API-PAYMENT/172.16.18.106:api-payment:8080 - registration status: 204
2017-03-28 11:57:22.426  INFO 12593 --- [main] br.com.ews.ApiPaymentApplicationTests    : Started ApiPaymentApplicationTests in 8.628 seconds (JVM running for 10.167)
2017-03-28 11:57:22.541  INFO 12593 --- [Thread-5] o.s.w.c.s.GenericWebApplicationContext   : Closing org.springframework.web.context.support.GenericWebApplicationContext@6dba847b: startup date [Tue Mar 28 11:57:15 BRT 2017]; parent: org.springframework.context.annotation.AnnotationConfigApplicationContext@2d1dee39
2017-03-28 11:57:22.543  INFO 12593 --- [Thread-5] c.n.e.EurekaDiscoveryClientConfiguration : Unregistering application api-payment with eureka with status DOWN
2017-03-28 11:57:22.543  WARN 12593 --- [Thread-5] com.netflix.discovery.DiscoveryClient    : Saw local status change event StatusChangeEvent [timestamp=1490713042543, current=DOWN, previous=UP]
2017-03-28 11:57:22.544  INFO 12593 --- [DiscoveryClient-InstanceInfoReplicator-0] com.netflix.discovery.DiscoveryClient    : DiscoveryClient_API-PAYMENT/172.16.18.106:api-payment:8080: registering service...
2017-03-28 11:57:22.544  INFO 12593 --- [Thread-5] com.netflix.discovery.DiscoveryClient    : Shutting down DiscoveryClient ...
2017-03-28 11:57:22.545  INFO 12593 --- [Thread-5] com.netflix.discovery.DiscoveryClient    : Unregistering ...
2017-03-28 11:57:22.551  INFO 12593 --- [DiscoveryClient-InstanceInfoReplicator-0] com.netflix.discovery.DiscoveryClient    : DiscoveryClient_API-PAYMENT/172.16.18.106:api-payment:8080 - registration status: 204
2017-03-28 11:57:22.553  INFO 12593 --- [Thread-5] com.netflix.discovery.DiscoveryClient    : DiscoveryClient_API-PAYMENT/172.16.18.106:api-payment:8080 - deregister  status: 200
2017-03-28 11:57:22.561  INFO 12593 --- [Thread-5] com.netflix.discovery.DiscoveryClient    : Completed shut down of DiscoveryClient
2017-03-28 11:57:22.564  INFO 12593 --- [Thread-5] o.s.c.support.DefaultLifecycleProcessor  : Stopping beans in phase 0
